<?xml version="1.0" encoding="UTF-8"?>
<!-- Generated by org.testng.reporters.JUnitReportReporter -->
<testsuite hostname="DESKTOP-NPK78J2" failures="0" tests="3" name="com.synergyconnect.testcases.addOrganization" time="128.870" errors="0" timestamp="2024-06-03T22:12:02 IST" skipped="0">
  <testcase classname="com.synergyconnect.testcases.addOrganization" name="verifyAddOrganization" time="52.192"/>
  <testcase classname="com.synergyconnect.testcases.addOrganization" name="verifyLoginisworking" time="21.309"/>
  <testcase classname="com.synergyconnect.testcases.addOrganization" name="verifyAddLocation" time="55.369"/>
</testsuite> <!-- com.synergyconnect.testcases.addOrganization -->
